app/build/outputs/logs/manifest-merger-debug-report.txt
-- Merging decision tree log ---
manifest
ADDED from AndroidManifest.xml:16:1
	package
		ADDED from AndroidManifest.xml:17:7
		INJECTED from AndroidManifest.xml:0:0
		INJECTED from AndroidManifest.xml:0:0
	android:versionName
		ADDED from AndroidManifest.xml:19:7
	android:versionCode
		ADDED from AndroidManifest.xml:18:7
		INJECTED from AndroidManifest.xml:0:0
		INJECTED from AndroidManifest.xml:0:0
	xmlns:android
		ADDED from AndroidManifest.xml:16:11
uses-sdk
ADDED from AndroidManifest.xml:20:6
	android:targetSdkVersion
		ADDED from AndroidManifest.xml:22:9
		INJECTED from AndroidManifest.xml:0:0
		INJECTED from AndroidManifest.xml:0:0
	android:minSdkVersion
		ADDED from AndroidManifest.xml:21:9
		INJECTED from AndroidManifest.xml:0:0
		INJECTED from AndroidManifest.xml:0:0
uses-permission#android.permission.BLUETOOTH_ADMIN
ADDED from AndroidManifest.xml:23:5
	android:name
		ADDED from AndroidManifest.xml:23:22
uses-permission#android.permission.BLUETOOTH
ADDED from AndroidManifest.xml:24:5
	android:name
		ADDED from AndroidManifest.xml:24:22
application
ADDED from AndroidManifest.xml:26:5
	android:label
		ADDED from AndroidManifest.xml:27:9
	android:icon
		ADDED from AndroidManifest.xml:28:4
activity#com.example.android.BluetoothSerial.BluetoothSerial
ADDED from AndroidManifest.xml:29:9
	android:label
		ADDED from AndroidManifest.xml:30:19
	android:configChanges
		ADDED from AndroidManifest.xml:31:19
	android:name
		ADDED from AndroidManifest.xml:29:19
intent-filter#android.intent.action.MAIN+android.intent.category.LAUNCHER
ADDED from AndroidManifest.xml:32:13
action#android.intent.action.MAIN
ADDED from AndroidManifest.xml:33:17
	android:name
		ADDED from AndroidManifest.xml:33:25
category#android.intent.category.LAUNCHER
ADDED from AndroidManifest.xml:34:17
	android:name
		ADDED from AndroidManifest.xml:34:27
activity#com.example.android.BluetoothSerial.DeviceListActivity
ADDED from AndroidManifest.xml:37:9
	android:label
		ADDED from AndroidManifest.xml:38:19
	android:configChanges
		ADDED from AndroidManifest.xml:40:19
	android:theme
		ADDED from AndroidManifest.xml:39:19
	android:name
		ADDED from AndroidManifest.xml:37:19